sync event 1
sync event 2
sync event 3
sync event 4
sync event 5
sync event 6
sync event 7
sync event 8
sync event 9
sync event 10
sync event 11
sync event 12
sync event 13
sync event 14
sync event 15
sync event 16
sync event 17
sync event 18
sync event 19
sync event 20
sync event 21
sync event 22
sync event 23
sync event 24
sync event 25
sync event 26
sync event 27
sync event 28
Activity metric sync at 2026-03-21T12:00:00
Activity metric sync at 2026-03-22T12:00:00
Activity metric sync at 2026-03-23T12:00:00
Activity metric sync at 2026-03-24T12:00:00
Activity metric sync at 2026-03-25T12:00:00
Activity metric sync at 2026-03-26T12:00:00
Activity metric sync at 2026-03-27T12:00:00
Activity metric sync at 2026-03-28T12:00:00
Activity metric sync at 2026-03-29T12:00:00
Activity metric sync at 2026-03-30T12:00:00
Activity metric sync at 2026-03-31T12:00:00
Activity metric sync at 2026-04-01T12:00:00
Activity metric sync at 2026-04-02T12:00:00
Activity metric sync at 2026-04-03T12:00:00
Activity metric sync at 2026-04-04T12:00:00
Activity metric sync at 2026-04-05T12:00:00
Activity metric sync at 2026-04-06T12:00:00
Activity metric sync at 2026-04-07T12:00:00
Activity metric sync at 2026-04-08T12:00:00
Activity metric sync at 2026-04-09T12:00:00
Activity metric sync at 2026-04-10T12:00:00
Activity metric sync at 2026-04-11T12:00:00
Activity metric sync at 2026-04-12T12:00:00
Activity metric sync at 2026-04-13T12:00:00
Activity metric sync at 2026-04-14T12:00:00
Activity metric sync at 2026-04-15T12:00:00
Activity metric sync at 2026-04-16T12:00:00
Activity metric sync at 2026-04-17T12:00:00
Activity metric sync at 2026-04-18T12:00:00
Activity metric sync at 2026-04-19T12:00:00
Activity metric sync at 2026-04-20T12:00:00
Activity metric sync at 2026-04-21T12:00:00
Activity metric sync at 2026-04-22T12:00:00
Activity metric sync at 2026-04-23T12:00:00
Activity metric sync at 2026-04-24T12:00:00
Activity metric sync at 2026-04-25T12:00:00
Activity metric sync at 2026-04-26T12:00:00
Activity metric sync at 2026-04-27T12:00:00
Activity metric sync at 2026-04-28T12:00:00
Activity metric sync at 2026-04-29T12:00:00
Activity metric sync at 2026-04-30T12:00:00
Activity metric sync at 2026-05-01T12:00:00
Activity metric sync at 2026-05-02T12:00:00
Activity metric sync at 2026-05-03T12:00:00
Activity metric sync at 2026-05-04T12:00:00
Activity metric sync at 2026-05-05T12:00:00
Activity metric sync at 2026-05-06T12:00:00
Activity metric sync at 2026-05-07T12:00:00
Activity metric sync at 2026-05-08T12:00:00
Activity metric sync at 2026-05-09T12:00:00
Activity metric sync at 2026-05-10T12:00:00
Activity metric sync at 2026-05-11T12:00:00
Activity metric sync at 2026-05-12T12:00:00
Activity metric sync at 2026-05-13T12:00:00
Activity metric sync at 2026-05-14T12:00:00
Activity metric sync at 2026-05-15T12:00:00
Activity metric sync at 2026-05-16T12:00:00
Activity metric sync at 2026-05-17T12:00:00
Activity metric sync at 2026-05-18T12:00:00
Activity metric sync at 2026-05-19T12:00:00
Activity metric sync at 2026-05-20T12:00:00
Activity metric sync at 2026-05-21T12:00:00
Activity metric sync at 2026-05-22T12:00:00
Activity metric sync at 2026-05-23T12:00:00
Activity metric sync at 2026-05-24T12:00:00
Activity metric sync at 2026-05-25T12:00:00
Activity metric sync at 2026-05-26T12:00:00
Activity metric sync at 2026-05-27T12:00:00
Activity metric sync at 2026-05-28T12:00:00
Activity metric sync at 2026-05-29T12:00:00
Activity metric sync at 2026-05-30T12:00:00
Activity metric sync at 2026-05-31T12:00:00
Activity metric sync at 2026-02-23T10:52:0 num 0
Activity metric sync at 2025-11-06T11:06:0 num 1
Activity metric sync at 2025-10-09T12:47:0 num 2
Activity metric sync at 2025-10-30T17:32:0 num 3
Activity metric sync at 2025-12-16T15:19:0 num 4
Activity metric sync at 2026-02-27T19:19:0 num 5
Activity metric sync at 2025-07-22T21:36:0 num 6
Activity metric sync at 2025-11-26T10:44:0 num 7
Activity metric sync at 2025-10-02T20:49:0 num 8
Activity metric sync at 2025-06-18T13:39:0 num 9
Activity metric sync at 2025-10-05T12:58:0 num 10
Activity metric sync at 2025-10-15T21:04:0 num 11
Activity metric sync at 2026-01-25T23:20:0 num 12
Activity metric sync at 2025-09-24T13:09:0 num 13
Activity metric sync at 2025-11-06T23:46:0 num 14
Activity metric sync at 2025-06-04T14:18:0 num 15
Activity metric sync at 2025-09-08T18:20:0 num 16
Activity metric sync at 2025-08-15T12:39:0 num 17
Activity metric sync at 2025-10-04T16:46:0 num 18
Activity metric sync at 2025-12-22T19:41:0 num 19
Activity metric sync at 2026-03-02T13:03:0 num 20
Activity metric sync at 2026-03-02T23:37:0 num 21
Activity metric sync at 2025-10-02T22:12:0 num 22
Activity metric sync at 2025-11-25T19:19:0 num 23
Activity metric sync at 2026-01-16T18:50:0 num 24
Activity metric sync at 2025-06-03T15:42:0 num 25
Activity metric sync at 2025-10-29T18:41:0 num 26
Activity metric sync at 2025-06-28T12:45:0 num 27
Activity metric sync at 2026-01-10T23:42:0 num 28
Activity metric sync at 2025-09-23T23:47:0 num 29
Activity metric sync at 2025-12-25T11:07:0 num 30
Activity metric sync at 2025-10-13T09:48:0 num 31
Activity metric sync at 2025-10-22T22:25:0 num 32
Activity metric sync at 2025-12-24T10:30:0 num 33
Activity metric sync at 2025-10-02T20:18:0 num 34
Activity metric sync at 2025-08-05T19:48:0 num 35
Activity metric sync at 2026-01-26T14:56:0 num 36
Activity metric sync at 2026-01-06T10:19:0 num 37
Activity metric sync at 2025-09-11T23:40:0 num 38
Activity metric sync at 2025-12-04T11:49:0 num 39
Activity metric sync at 2025-08-01T09:20:0 num 40
Activity metric sync at 2025-07-02T20:39:0 num 41
Activity metric sync at 2025-06-15T11:51:0 num 42
Activity metric sync at 2025-09-16T11:43:0 num 43
Activity metric sync at 2025-12-12T12:01:0 num 44
Activity metric sync at 2026-01-01T21:16:0 num 45
Activity metric sync at 2025-10-14T23:14:0 num 46
Activity metric sync at 2026-03-08T14:19:0 num 47
Activity metric sync at 2025-10-10T17:47:0 num 48
Activity metric sync at 2026-01-06T18:52:0 num 49
Activity metric sync at 2025-11-03T15:48:0 num 50
Activity metric sync at 2025-09-16T22:07:0 num 51
Activity metric sync at 2025-06-18T15:25:0 num 52
Activity metric sync at 2025-07-13T21:26:0 num 53
Activity metric sync at 2025-10-28T16:58:0 num 54
Activity metric sync at 2025-12-28T11:37:0 num 55
Activity metric sync at 2026-03-01T14:56:0 num 56
Activity metric sync at 2025-11-24T22:34:0 num 57
Activity metric sync at 2026-03-07T22:58:0 num 58
Activity metric sync at 2026-02-15T23:11:0 num 59
Activity metric sync at 2025-09-04T21:41:0 num 60
Activity metric sync at 2025-10-24T11:42:0 num 61
Activity metric sync at 2025-07-30T17:59:0 num 62
Activity metric sync at 2025-07-23T20:44:0 num 63
Activity metric sync at 2025-10-23T23:28:0 num 64
Activity metric sync at 2025-12-26T09:44:0 num 65
Activity metric sync at 2025-08-14T09:21:0 num 66
Activity metric sync at 2025-08-18T22:24:0 num 67
Activity metric sync at 2026-02-08T13:46:0 num 68
Activity metric sync at 2025-07-07T19:53:0 num 69
Activity metric sync at 2025-12-18T16:16:0 num 70
Activity metric sync at 2025-12-17T22:38:0 num 71
Activity metric sync at 2026-03-07T19:07:0 num 72
Activity metric sync at 2025-06-30T12:07:0 num 73
Activity metric sync at 2025-12-31T18:26:0 num 74
Activity metric sync at 2025-11-27T10:41:0 num 75
Activity metric sync at 2025-08-26T20:44:0 num 76
Activity metric sync at 2025-10-28T13:39:0 num 77
Activity metric sync at 2025-09-13T14:30:0 num 78
Activity metric sync at 2025-09-05T09:10:0 num 79
Activity metric sync at 2026-02-01T20:24:0 num 80
Activity metric sync at 2025-10-24T21:42:0 num 81
Activity metric sync at 2025-09-20T17:48:0 num 82
Activity metric sync at 2025-09-21T15:38:0 num 83
Activity metric sync at 2025-10-05T15:46:0 num 84
Activity metric sync at 2025-09-05T21:43:0 num 85
Activity metric sync at 2025-11-01T09:04:0 num 86
Activity metric sync at 2025-10-22T13:28:0 num 87
Activity metric sync at 2025-07-20T15:52:0 num 88
Activity metric sync at 2025-10-27T11:05:0 num 89
Activity metric sync at 2025-07-04T22:58:0 num 90
Activity metric sync at 2025-11-21T09:03:0 num 91
Activity metric sync at 2025-12-09T10:22:0 num 92
Activity metric sync at 2025-11-28T15:17:0 num 93
Activity metric sync at 2025-11-14T09:56:0 num 94
Activity metric sync at 2025-12-22T17:52:0 num 95
Activity metric sync at 2026-01-15T23:49:0 num 96
Activity metric sync at 2025-10-12T19:14:0 num 97
Activity metric sync at 2025-07-12T17:04:0 num 98
Activity metric sync at 2026-03-03T15:42:0 num 99
Activity metric sync at 2026-03-03T10:07:0 num 100
Activity metric sync at 2025-09-06T15:41:0 num 101
Activity metric sync at 2026-01-17T14:35:0 num 102
Activity metric sync at 2025-09-17T19:12:0 num 103
Activity metric sync at 2025-07-07T22:50:0 num 104
Activity metric sync at 2025-06-15T15:00:0 num 105
Activity metric sync at 2025-10-04T13:48:0 num 106
Activity metric sync at 2025-07-25T19:57:0 num 107
Activity metric sync at 2025-12-02T20:49:0 num 108
Activity metric sync at 2026-01-14T11:53:0 num 109
Activity metric sync at 2026-03-03T20:34:0 num 110
Activity metric sync at 2025-06-25T14:06:0 num 111
Activity metric sync at 2025-10-09T18:39:0 num 112
Activity metric sync at 2025-12-06T11:46:0 num 113
Activity metric sync at 2026-03-03T19:23:0 num 114
Activity metric sync at 2026-02-23T09:38:0 num 115
Activity metric sync at 2025-06-30T21:44:0 num 116
Activity metric sync at 2025-08-13T11:06:0 num 117
Activity metric sync at 2025-06-27T10:32:0 num 118
Activity metric sync at 2025-11-11T22:55:0 num 119
Activity metric sync at 2025-11-08T09:26:0 num 120
Activity metric sync at 2026-03-05T22:16:0 num 121
Activity metric sync at 2026-01-23T19:07:0 num 122
Activity metric sync at 2025-09-26T20:03:0 num 123
Activity metric sync at 2026-01-16T13:53:0 num 124
Activity metric sync at 2025-09-19T21:31:0 num 125
Activity metric sync at 2025-12-31T23:02:0 num 126
Activity metric sync at 2025-08-13T21:35:0 num 127
Activity metric sync at 2025-12-19T09:39:0 num 128
Activity metric sync at 2025-08-09T11:23:0 num 129
Activity metric sync at 2025-08-02T16:12:0 num 130
Activity metric sync at 2025-08-07T21:31:0 num 131
Activity metric sync at 2025-10-04T15:00:0 num 132
Activity metric sync at 2025-12-08T17:56:0 num 133
Activity metric sync at 2025-06-14T09:03:0 num 134
Activity metric sync at 2025-07-13T11:13:0 num 135
Activity metric sync at 2025-12-30T10:24:0 num 136
Activity metric sync at 2025-07-29T18:15:0 num 137
Activity metric sync at 2025-06-19T13:16:0 num 138
Activity metric sync at 2025-07-02T10:48:0 num 139
Activity metric sync at 2025-08-04T10:15:0 num 140
Activity metric sync at 2026-01-23T22:34:0 num 141
Activity metric sync at 2026-01-25T17:59:0 num 142
Activity metric sync at 2025-06-17T10:48:0 num 143
Activity metric sync at 2025-06-16T17:11:0 num 144
Activity metric sync at 2025-10-31T22:25:0 num 145
Activity metric sync at 2025-06-04T19:04:0 num 146
Activity metric sync at 2026-03-06T14:39:0 num 147
Activity metric sync at 2025-09-11T22:34:0 num 148
Activity metric sync at 2025-11-30T23:13:0 num 149
Activity metric sync at 2025-11-03T09:07:0 num 150
Activity metric sync at 2026-02-17T22:56:0 num 151
Activity metric sync at 2026-01-30T09:52:0 num 152
Activity metric sync at 2025-10-30T18:21:0 num 153
Activity metric sync at 2025-09-23T15:50:0 num 154
Activity metric sync at 2025-10-04T10:00:0 num 155
Activity metric sync at 2025-08-25T15:48:0 num 156
Activity metric sync at 2025-06-05T23:51:0 num 157
Activity metric sync at 2025-09-25T19:33:0 num 158
Syncing GitHub activity metrics on Mon Jun  1 17:50:08 UTC 2026
Syncing GitHub activity metrics on Tue Jun  2 16:41:26 UTC 2026
Syncing GitHub activity metrics on Wed Jun  3 16:58:23 UTC 2026
[2026-06-03 19:30:11 UTC] Activity synced.
[2026-06-04 09:52:36 UTC] Activity synced.
[2026-06-05 09:40:45 UTC] Activity synced.
[2026-06-06 08:29:49 UTC] Activity synced.
[2026-06-07 08:52:01 UTC] Activity synced.
[2026-06-08 10:46:49 UTC] Activity synced.
[2026-06-09 09:36:37 UTC] Activity synced.
[2026-06-10 09:53:03 UTC] Activity synced.
[2026-06-11 10:18:15 UTC] Activity synced.
[2026-06-12 10:05:50 UTC] Activity synced.
[2026-06-13 08:53:31 UTC] Activity synced.
[2026-06-14 09:28:42 UTC] Activity synced.
[2026-06-15 11:57:45 UTC] Activity synced.
[2026-06-16 11:05:21 UTC] Activity synced.
[2026-06-17 10:49:49 UTC] Activity synced.
[2026-06-18 10:16:45 UTC] Activity synced.
[2026-06-19 10:21:18 UTC] Activity synced.
[2026-06-20 08:50:06 UTC] Activity synced.
[2026-06-21 09:44:49 UTC] Activity synced.
[2026-06-22 11:47:34 UTC] Activity synced.
[2026-06-23 09:33:04 UTC] Activity synced.
[2026-06-24 09:22:10 UTC] Activity synced.
[2026-06-25 08:56:10 UTC] Activity synced.
[2026-06-26 08:58:38 UTC] Activity synced.
[2026-06-27 08:32:19 UTC] Activity synced.
[2026-06-28 08:47:13 UTC] Activity synced.
[2026-06-29 10:50:53 UTC] Activity synced.
[2026-06-30 09:28:12 UTC] Activity synced.
